#
# A fatal error has been detected by the Java Runtime Environment:
#
#  EXCEPTION_ACCESS_VIOLATION (0xc0000005) at pc=0x00007ffebade64f5, pid=18920, tid=6560
#
# JRE version: Java(TM) SE Runtime Environment (17.0.4.1+1) (build 17.0.4.1+1-LTS-2)
# Java VM: Java HotSpot(TM) 64-Bit Server VM (17.0.4.1+1-LTS-2, mixed mode, sharing, tiered, compressed oops, compressed class ptrs, g1 gc, windows-amd64)
# Problematic frame:
# C  [igxelpicd64.dll+0x164f5]
#
# No core dump will be written. Minidumps are not enabled by default on client versions of Windows
#
# If you would like to submit a bug report, please visit:
#   https://bugreport.java.com/bugreport/crash.jsp
# The crash happened outside the Java Virtual Machine in native code.
# See problematic frame for where to report the bug.
#

---------------  S U M M A R Y ------------

Command Line: -Dfile.encoding=windows-1252 -Duser.country=IN -Duser.language=en -Duser.variant -ea Main

Host: 11th Gen Intel(R) Core(TM) i5-11400H @ 2.70GHz, 12 cores, 15G,  Windows 11 , 64 bit Build 22621 (10.0.22621.2506)
Time: Tue Nov 28 15:46:07 2023 Sri Lanka Standard Time elapsed time: 0.633940 seconds (0d 0h 0m 0s)

---------------  T H R E A D  ---------------

Current thread (0x0000017dd082e4c0):  JavaThread "main" [_thread_in_native, id=6560, stack(0x00000041c4000000,0x00000041c4100000)]

Stack: [0x00000041c4000000,0x00000041c4100000],  sp=0x00000041c40fe360,  free space=1016k
Native frames: (J=compiled Java code, j=interpreted, Vv=VM code, C=native code)
C  [igxelpicd64.dll+0x164f5]

Java frames: (J=compiled Java code, j=interpreted, Vv=VM code)
j  org.lwjgl.opengl.GL11C.nglTexImage2D(IIIIIIIIJ)V+0
j  org.lwjgl.opengl.GL11C.glTexImage2D(IIIIIIIILjava/nio/ByteBuffer;)V+17
j  org.lwjgl.opengl.GL11.glTexImage2D(IIIIIIIILjava/nio/ByteBuffer;)V+14
j  renderer.Texture.<init>(Ljava/lang/String;)V+132
j  scenes.LevelEditorScene.init()V+45
j  jade.Window.changeScene(I)V+41
j  jade.Window.init()V+162
j  jade.Window.run()V+15
j  Main.main([Ljava/lang/String;)V+5
v  ~StubRoutines::call_stub

siginfo: EXCEPTION_ACCESS_VIOLATION (0xc0000005), reading address 0x0000017dff0c8000


Register to memory mapping:

RIP=0x00007ffebade64f5 igxelpicd64.dll
RAX=0x000000000001519f is an unknown value
RBX=0x0000017d80000000 points into unknown readable memory: 0xffffffffffffffff | ff ff ff ff ff ff ff ff
RCX=0x00000000000151a0 is an unknown value
RDX=0x0000017dff0c7fc0 points into unknown readable memory: 0x0000000000000000 | 00 00 00 00 00 00 00 00
RSP=0x00000041c40fe360 is pointing into the stack for thread: 0x0000017dd082e4c0
RBP=0x00000041c40fe490 is pointing into the stack for thread: 0x0000017dd082e4c0
RSI=0x0 is NULL
RDI=0x0000017d80a8cf80 points into unknown readable memory: 0x0000000000000000 | 00 00 00 00 00 00 00 00
R8 =0x0000000000e10000 is an unknown value
R9 =0x000000000001c200 is an unknown value
R10=0x0 is NULL
R11=0x00000041c40fe3e0 is pointing into the stack for thread: 0x0000017dd082e4c0
R12=0x0 is NULL
R13=0x0000000000000001 is an unknown value
R14=0x00000041c40fe570 is pointing into the stack for thread: 0x0000017dd082e4c0
R15=0x0 is NULL


Registers:
RAX=0x000000000001519f, RBX=0x0000017d80000000, RCX=0x00000000000151a0, RDX=0x0000017dff0c7fc0
RSP=0x00000041c40fe360, RBP=0x00000041c40fe490, RSI=0x0000000000000000, RDI=0x0000017d80a8cf80
R8 =0x0000000000e10000, R9 =0x000000000001c200, R10=0x0000000000000000, R11=0x00000041c40fe3e0
R12=0x0000000000000000, R13=0x0000000000000001, R14=0x00000041c40fe570, R15=0x0000000000000000
RIP=0x00007ffebade64f5, EFLAGS=0x0000000000010217

Top of Stack: (sp=0x00000041c40fe360)
0x00000041c40fe360:   0000000000000000 0000000000000000
0x00000041c40fe370:   0000000000000000 0000000000000000
0x00000041c40fe380:   0000017dfe63b040 00007ffebaee5ff4
0x00000041c40fe390:   0000017dfe63b040 00000041c40fe490
0x00000041c40fe3a0:   0000000000000000 0000000000000000
0x00000041c40fe3b0:   0000017d80000049 0000000000000001
0x00000041c40fe3c0:   0000017dfe63b040 0000000000000000
0x00000041c40fe3d0:   0000017dfd396df0 0000017df49b85d0
0x00000041c40fe3e0:   00007ffebb8bb788 0000017df4983a80
0x00000041c40fe3f0:   0000078000000780 0000004900000000
0x00000041c40fe400:   00001e0000000004 0000017dfe63b040
0x00000041c40fe410:   0000000400000049 0000017d00001e00
0x00000041c40fe420:   0000017d80000000 0000017df4a3aaa0
0x00000041c40fe430:   0000017d00000000 0000017d80000000
0x00000041c40fe440:   0000000000000000 0000017df4904ec0
0x00000041c40fe450:   0000000000000035 0000000000000780 

Instructions: (pc=0x00007ffebade64f5)
0x00007ffebade63f5:   e9 07 f6 c2 0f 0f 84 d4 00 00 00 4d 85 c9 74 6a
0x00007ffebade6405:   66 66 66 0f 1f 84 00 00 00 00 00 f3 0f 6f 02 ff
0x00007ffebade6415:   c1 f3 0f 6f 4a 10 8b c1 f3 0f 6f 52 20 f3 0f 6f
0x00007ffebade6425:   5a 30 f3 0f 6f 62 40 f3 0f 6f 6a 50 f3 0f 6f 72
0x00007ffebade6435:   60 f3 0f 6f 7a 70 66 0f e7 07 66 0f e7 4f 10 66
0x00007ffebade6445:   0f e7 57 20 66 0f e7 5f 30 66 0f e7 67 40 66 0f
0x00007ffebade6455:   e7 6f 50 66 0f e7 77 60 66 0f e7 7f 70 48 83 ef
0x00007ffebade6465:   80 48 83 ea 80 49 3b c1 72 a1 41 83 e0 7f 0f 85
0x00007ffebade6475:   05 01 00 00 0f 28 74 24 10 0f 28 3c 24 41 83 e0
0x00007ffebade6485:   0f 75 06 48 83 c4 20 5f c3 49 8b c8 45 8b ca 48
0x00007ffebade6495:   c1 e9 02 48 85 c9 74 17 8b 02 41 ff c1 89 07 48
0x00007ffebade64a5:   83 c2 04 48 83 c7 04 41 8b c1 48 3b c1 72 e9 41
0x00007ffebade64b5:   83 e0 03 76 ce 48 2b d7 0f b6 04 3a 41 ff c2 88
0x00007ffebade64c5:   07 48 8d 7f 01 41 8b c2 49 3b c0 72 eb eb b4 4d
0x00007ffebade64d5:   85 c9 74 66 0f 1f 80 00 00 00 00 f3 0f 6f 02 ff
0x00007ffebade64e5:   c1 f3 0f 6f 4a 10 f3 0f 6f 52 20 f3 0f 6f 5a 30
0x00007ffebade64f5:   f3 0f 6f 62 40 f3 0f 6f 6a 50 f3 0f 6f 72 60 f3
0x00007ffebade6505:   0f 6f 7a 70 48 83 ea 80 66 0f e7 07 66 0f e7 4f
0x00007ffebade6515:   10 66 0f e7 57 20 66 0f e7 5f 30 66 0f e7 67 40
0x00007ffebade6525:   66 0f e7 6f 50 66 0f e7 77 60 66 0f e7 7f 70 48
0x00007ffebade6535:   83 ef 80 8b c1 49 3b c1 72 a1 41 83 e0 7f 0f 84
0x00007ffebade6545:   30 ff ff ff 45 8b c8 41 8b ca 49 c1 e9 04 4d 85
0x00007ffebade6555:   c9 0f 84 1d ff ff ff 0f 1f 40 00 f3 0f 6f 02 ff
0x00007ffebade6565:   c1 66 0f e7 07 48 83 c7 10 8b c1 48 83 c2 10 49
0x00007ffebade6575:   3b c1 72 e7 e9 fb fe ff ff 49 8b c8 45 8b ca 48
0x00007ffebade6585:   c1 e9 04 48 85 c9 0f 84 e8 fe ff ff f3 0f 6f 02
0x00007ffebade6595:   41 ff c1 48 83 c2 10 41 8b c1 66 0f e7 07 48 83
0x00007ffebade65a5:   c7 10 48 3b c1 72 e5 e9 c8 fe ff ff 66 0f 6f 0d
0x00007ffebade65b5:   a7 3d c0 00 b8 10 00 00 00 2b c1 8b c8 b8 0f 00
0x00007ffebade65c5:   00 00 2a c1 0f be c0 66 0f 6e c0 66 0f 60 c0 66
0x00007ffebade65d5:   0f 61 c0 66 0f 70 c0 00 66 0f 64 c8 f3 0f 6f 02
0x00007ffebade65e5:   48 03 d1 66 0f f7 c1 48 03 f9 e9 eb fd ff ff cc 


Stack slot to memory mapping:
stack at sp + 0 slots: 0x0 is NULL
stack at sp + 1 slots: 0x0 is NULL
stack at sp + 2 slots: 0x0 is NULL
stack at sp + 3 slots: 0x0 is NULL
stack at sp + 4 slots: 0x0000017dfe63b040 points into unknown readable memory: 0xffffffffffffffff | ff ff ff ff ff ff ff ff
stack at sp + 5 slots: 0x00007ffebaee5ff4 igxelpicd64.dll
stack at sp + 6 slots: 0x0000017dfe63b040 points into unknown readable memory: 0xffffffffffffffff | ff ff ff ff ff ff ff ff
stack at sp + 7 slots: 0x00000041c40fe490 is pointing into the stack for thread: 0x0000017dd082e4c0


---------------  P R O C E S S  ---------------

Threads class SMR info:
_java_thread_list=0x0000017df4dbeb50, length=13, elements={
0x0000017dd082e4c0, 0x0000017df38985f0, 0x0000017df38991a0, 0x0000017df38aeb10,
0x0000017df38af6c0, 0x0000017df38b4090, 0x0000017df38b4a40, 0x0000017df38b5720,
0x0000017df38b61c0, 0x0000017df38ba3e0, 0x0000017df4535860, 0x0000017df4539fd0,
0x0000017df4d97020
}

Java Threads: ( => current thread )
=>0x0000017dd082e4c0 JavaThread "main" [_thread_in_native, id=6560, stack(0x00000041c4000000,0x00000041c4100000)]
  0x0000017df38985f0 JavaThread "Reference Handler" daemon [_thread_blocked, id=21288, stack(0x00000041c4700000,0x00000041c4800000)]
  0x0000017df38991a0 JavaThread "Finalizer" daemon [_thread_blocked, id=7700, stack(0x00000041c4800000,0x00000041c4900000)]
  0x0000017df38aeb10 JavaThread "Signal Dispatcher" daemon [_thread_blocked, id=14036, stack(0x00000041c4900000,0x00000041c4a00000)]
  0x0000017df38af6c0 JavaThread "Attach Listener" daemon [_thread_blocked, id=4836, stack(0x00000041c4a00000,0x00000041c4b00000)]
  0x0000017df38b4090 JavaThread "Service Thread" daemon [_thread_blocked, id=11340, stack(0x00000041c4b00000,0x00000041c4c00000)]
  0x0000017df38b4a40 JavaThread "Monitor Deflation Thread" daemon [_thread_blocked, id=20764, stack(0x00000041c4c00000,0x00000041c4d00000)]
  0x0000017df38b5720 JavaThread "C2 CompilerThread0" daemon [_thread_blocked, id=17704, stack(0x00000041c4d00000,0x00000041c4e00000)]
  0x0000017df38b61c0 JavaThread "C1 CompilerThread0" daemon [_thread_blocked, id=16400, stack(0x00000041c4e00000,0x00000041c4f00000)]
  0x0000017df38ba3e0 JavaThread "Sweeper thread" daemon [_thread_blocked, id=17524, stack(0x00000041c4f00000,0x00000041c5000000)]
  0x0000017df4535860 JavaThread "Notification Thread" daemon [_thread_blocked, id=11112, stack(0x00000041c5000000,0x00000041c5100000)]
  0x0000017df4539fd0 JavaThread "Common-Cleaner" daemon [_thread_blocked, id=18960, stack(0x00000041c5200000,0x00000041c5300000)]
  0x0000017df4d97020 JavaThread "C2 CompilerThread1" daemon [_thread_blocked, id=4368, stack(0x00000041c5800000,0x00000041c5900000)]

Other Threads:
  0x0000017df3893750 VMThread "VM Thread" [stack: 0x00000041c4600000,0x00000041c4700000] [id=11072]
  0x0000017df4539d40 WatcherThread [stack: 0x00000041c5100000,0x00000041c5200000] [id=1564]
  0x0000017dd089b000 GCTaskThread "GC Thread#0" [stack: 0x00000041c4100000,0x00000041c4200000] [id=22364]
  0x0000017dd08abbd0 ConcurrentGCThread "G1 Main Marker" [stack: 0x00000041c4200000,0x00000041c4300000] [id=6624]
  0x0000017dd08ac5e0 ConcurrentGCThread "G1 Conc#0" [stack: 0x00000041c4300000,0x00000041c4400000] [id=20016]
  0x0000017dd08fc890 ConcurrentGCThread "G1 Refine#0" [stack: 0x00000041c4400000,0x00000041c4500000] [id=20076]
  0x0000017dd08fe2c0 ConcurrentGCThread "G1 Service" [stack: 0x00000041c4500000,0x00000041c4600000] [id=2664]

Threads with active compile tasks:

VM state: not at safepoint (normal execution)

VM Mutex/Monitor currently owned by a thread: None

Heap address: 0x0000000703600000, size: 4042 MB, Compressed Oops mode: Zero based, Oop shift amount: 3

CDS archive(s) mapped at: [0x0000000800000000-0x0000000800bc0000-0x0000000800bc0000), size 12320768, SharedBaseAddress: 0x0000000800000000, ArchiveRelocationMode: 0.
Compressed class space mapped at: 0x0000000800c00000-0x0000000840c00000, reserved size: 1073741824
Narrow klass base: 0x0000000800000000, Narrow klass shift: 0, Narrow klass range: 0x100000000

GC Precious Log:
 CPUs: 12 total, 12 available
 Memory: 16163M
 Large Page Support: Disabled
 NUMA Support: Disabled
 Compressed Oops: Enabled (Zero based)
 Heap Region Size: 2M
 Heap Min Capacity: 8M
 Heap Initial Capacity: 254M
 Heap Max Capacity: 4042M
 Pre-touch: Disabled
 Parallel Workers: 10
 Concurrent Workers: 3
 Concurrent Refinement Workers: 10
 Periodic GC: Disabled

Heap:
 garbage-first heap   total 260096K, used 12288K [0x0000000703600000, 0x0000000800000000)
  region size 2048K, 7 young (14336K), 0 survivors (0K)
 Metaspace       used 5490K, committed 5696K, reserved 1056768K
  class space    used 266K, committed 384K, reserved 1048576K

Heap Regions: E=young(eden), S=young(survivor), O=old, HS=humongous(starts), HC=humongous(continues), CS=collection set, F=free, OA=open archive, CA=closed archive, TAMS=top-at-mark-start (previous, next)
|   0|0x0000000703600000, 0x0000000703600000, 0x0000000703800000|  0%| F|  |TAMS 0x0000000703600000, 0x0000000703600000| Untracked 
|   1|0x0000000703800000, 0x0000000703800000, 0x0000000703a00000|  0%| F|  |TAMS 0x0000000703800000, 0x0000000703800000| Untracked 
|   2|0x0000000703a00000, 0x0000000703a00000, 0x0000000703c00000|  0%| F|  |TAMS 0x0000000703a00000, 0x0000000703a00000| Untracked 
|   3|0x0000000703c00000, 0x0000000703c00000, 0x0000000703e00000|  0%| F|  |TAMS 0x0000000703c00000, 0x0000000703c00000| Untracked 
|   4|0x0000000703e00000, 0x0000000703e00000, 0x0000000704000000|  0%| F|  |TAMS 0x0000000703e00000, 0x0000000703e00000| Untracked 
|   5|0x0000000704000000, 0x0000000704000000, 0x0000000704200000|  0%| F|  |TAMS 0x0000000704000000, 0x0000000704000000| Untracked 
|   6|0x0000000704200000, 0x0000000704200000, 0x0000000704400000|  0%| F|  |TAMS 0x0000000704200000, 0x0000000704200000| Untracked 
|   7|0x0000000704400000, 0x0000000704400000, 0x0000000704600000|  0%| F|  |TAMS 0x0000000704400000, 0x0000000704400000| Untracked 
|   8|0x0000000704600000, 0x0000000704600000, 0x0000000704800000|  0%| F|  |TAMS 0x0000000704600000, 0x0000000704600000| Untracked 
|   9|0x0000000704800000, 0x0000000704800000, 0x0000000704a00000|  0%| F|  |TAMS 0x0000000704800000, 0x0000000704800000| Untracked 
|  10|0x0000000704a00000, 0x0000000704a00000, 0x0000000704c00000|  0%| F|  |TAMS 0x0000000704a00000, 0x0000000704a00000| Untracked 
|  11|0x0000000704c00000, 0x0000000704c00000, 0x0000000704e00000|  0%| F|  |TAMS 0x0000000704c00000, 0x0000000704c00000| Untracked 
|  12|0x0000000704e00000, 0x0000000704e00000, 0x0000000705000000|  0%| F|  |TAMS 0x0000000704e00000, 0x0000000704e00000| Untracked 
|  13|0x0000000705000000, 0x0000000705000000, 0x0000000705200000|  0%| F|  |TAMS 0x0000000705000000, 0x0000000705000000| Untracked 
|  14|0x0000000705200000, 0x0000000705200000, 0x0000000705400000|  0%| F|  |TAMS 0x0000000705200000, 0x0000000705200000| Untracked 
|  15|0x0000000705400000, 0x0000000705400000, 0x0000000705600000|  0%| F|  |TAMS 0x0000000705400000, 0x0000000705400000| Untracked 
|  16|0x0000000705600000, 0x0000000705600000, 0x0000000705800000|  0%| F|  |TAMS 0x0000000705600000, 0x0000000705600000| Untracked 
|  17|0x0000000705800000, 0x0000000705800000, 0x0000000705a00000|  0%| F|  |TAMS 0x0000000705800000, 0x0000000705800000| Untracked 
|  18|0x0000000705a00000, 0x0000000705a00000, 0x0000000705c00000|  0%| F|  |TAMS 0x0000000705a00000, 0x0000000705a00000| Untracked 
|  19|0x0000000705c00000, 0x0000000705c00000, 0x0000000705e00000|  0%| F|  |TAMS 0x0000000705c00000, 0x0000000705c00000| Untracked 
|  20|0x0000000705e00000, 0x0000000705e00000, 0x0000000706000000|  0%| F|  |TAMS 0x0000000705e00000, 0x0000000705e00000| Untracked 
|  21|0x0000000706000000, 0x0000000706000000, 0x0000000706200000|  0%| F|  |TAMS 0x0000000706000000, 0x0000000706000000| Untracked 
|  22|0x0000000706200000, 0x0000000706200000, 0x0000000706400000|  0%| F|  |TAMS 0x0000000706200000, 0x0000000706200000| Untracked 
|  23|0x0000000706400000, 0x0000000706400000, 0x0000000706600000|  0%| F|  |TAMS 0x0000000706400000, 0x0000000706400000| Untracked 
|  24|0x0000000706600000, 0x0000000706600000, 0x0000000706800000|  0%| F|  |TAMS 0x0000000706600000, 0x0000000706600000| Untracked 
|  25|0x0000000706800000, 0x0000000706800000, 0x0000000706a00000|  0%| F|  |TAMS 0x0000000706800000, 0x0000000706800000| Untracked 
|  26|0x0000000706a00000, 0x0000000706a00000, 0x0000000706c00000|  0%| F|  |TAMS 0x0000000706a00000, 0x0000000706a00000| Untracked 
|  27|0x0000000706c00000, 0x0000000706c00000, 0x0000000706e00000|  0%| F|  |TAMS 0x0000000706c00000, 0x0000000706c00000| Untracked 
|  28|0x0000000706e00000, 0x0000000706e00000, 0x0000000707000000|  0%| F|  |TAMS 0x0000000706e00000, 0x0000000706e00000| Untracked 
|  29|0x0000000707000000, 0x0000000707000000, 0x0000000707200000|  0%| F|  |TAMS 0x0000000707000000, 0x0000000707000000| Untracked 
|  30|0x0000000707200000, 0x0000000707200000, 0x0000000707400000|  0%| F|  |TAMS 0x0000000707200000, 0x0000000707200000| Untracked 
|  31|0x0000000707400000, 0x0000000707400000, 0x0000000707600000|  0%| F|  |TAMS 0x0000000707400000, 0x0000000707400000| Untracked 
|  32|0x0000000707600000, 0x0000000707600000, 0x0000000707800000|  0%| F|  |TAMS 0x0000000707600000, 0x0000000707600000| Untracked 
|  33|0x0000000707800000, 0x0000000707800000, 0x0000000707a00000|  0%| F|  |TAMS 0x0000000707800000, 0x0000000707800000| Untracked 
|  34|0x0000000707a00000, 0x0000000707a00000, 0x0000000707c00000|  0%| F|  |TAMS 0x0000000707a00000, 0x0000000707a00000| Untracked 
|  35|0x0000000707c00000, 0x0000000707c00000, 0x0000000707e00000|  0%| F|  |TAMS 0x0000000707c00000, 0x0000000707c00000| Untracked 
|  36|0x0000000707e00000, 0x0000000707e00000, 0x0000000708000000|  0%| F|  |TAMS 0x0000000707e00000, 0x0000000707e00000| Untracked 
|  37|0x0000000708000000, 0x0000000708000000, 0x0000000708200000|  0%| F|  |TAMS 0x0000000708000000, 0x0000000708000000| Untracked 
|  38|0x0000000708200000, 0x0000000708200000, 0x0000000708400000|  0%| F|  |TAMS 0x0000000708200000, 0x0000000708200000| Untracked 
|  39|0x0000000708400000, 0x0000000708400000, 0x0000000708600000|  0%| F|  |TAMS 0x0000000708400000, 0x0000000708400000| Untracked 
|  40|0x0000000708600000, 0x0000000708600000, 0x0000000708800000|  0%| F|  |TAMS 0x0000000708600000, 0x0000000708600000| Untracked 
|  41|0x0000000708800000, 0x0000000708800000, 0x0000000708a00000|  0%| F|  |TAMS 0x0000000708800000, 0x0000000708800000| Untracked 
|  42|0x0000000708a00000, 0x0000000708a00000, 0x0000000708c00000|  0%| F|  |TAMS 0x0000000708a00000, 0x0000000708a00000| Untracked 
|  43|0x0000000708c00000, 0x0000000708c00000, 0x0000000708e00000|  0%| F|  |TAMS 0x0000000708c00000, 0x0000000708c00000| Untracked 
|  44|0x0000000708e00000, 0x0000000708e00000, 0x0000000709000000|  0%| F|  |TAMS 0x0000000708e00000, 0x0000000708e00000| Untracked 
|  45|0x0000000709000000, 0x0000000709000000, 0x0000000709200000|  0%| F|  |TAMS 0x0000000709000000, 0x0000000709000000| Untracked 
|  46|0x0000000709200000, 0x0000000709200000, 0x0000000709400000|  0%| F|  |TAMS 0x0000000709200000, 0x0000000709200000| Untracked 
|  47|0x0000000709400000, 0x0000000709400000, 0x0000000709600000|  0%| F|  |TAMS 0x0000000709400000, 0x0000000709400000| Untracked 
|  48|0x0000000709600000, 0x0000000709600000, 0x0000000709800000|  0%| F|  |TAMS 0x0000000709600000, 0x0000000709600000| Untracked 
|  49|0x0000000709800000, 0x0000000709800000, 0x0000000709a00000|  0%| F|  |TAMS 0x0000000709800000, 0x0000000709800000| Untracked 
|  50|0x0000000709a00000, 0x0000000709a00000, 0x0000000709c00000|  0%| F|  |TAMS 0x0000000709a00000, 0x0000000709a00000| Untracked 
|  51|0x0000000709c00000, 0x0000000709c00000, 0x0000000709e00000|  0%| F|  |TAMS 0x0000000709c00000, 0x0000000709c00000| Untracked 
|  52|0x0000000709e00000, 0x0000000709e00000, 0x000000070a000000|  0%| F|  |TAMS 0x0000000709e00000, 0x0000000709e00000| Untracked 
|  53|0x000000070a000000, 0x000000070a000000, 0x000000070a200000|  0%| F|  |TAMS 0x000000070a000000, 0x000000070a000000| Untracked 
|  54|0x000000070a200000, 0x000000070a200000, 0x000000070a400000|  0%| F|  |TAMS 0x000000070a200000, 0x000000070a200000| Untracked 
|  55|0x000000070a400000, 0x000000070a400000, 0x000000070a600000|  0%| F|  |TAMS 0x000000070a400000, 0x000000070a400000| Untracked 
|  56|0x000000070a600000, 0x000000070a600000, 0x000000070a800000|  0%| F|  |TAMS 0x000000070a600000, 0x000000070a600000| Untracked 
|  57|0x000000070a800000, 0x000000070a800000, 0x000000070aa00000|  0%| F|  |TAMS 0x000000070a800000, 0x000000070a800000| Untracked 
|  58|0x000000070aa00000, 0x000000070aa00000, 0x000000070ac00000|  0%| F|  |TAMS 0x000000070aa00000, 0x000000070aa00000| Untracked 
|  59|0x000000070ac00000, 0x000000070ac00000, 0x000000070ae00000|  0%| F|  |TAMS 0x000000070ac00000, 0x000000070ac00000| Untracked 
|  60|0x000000070ae00000, 0x000000070ae00000, 0x000000070b000000|  0%| F|  |TAMS 0x000000070ae00000, 0x000000070ae00000| Untracked 
|  61|0x000000070b000000, 0x000000070b000000, 0x000000070b200000|  0%| F|  |TAMS 0x000000070b000000, 0x000000070b000000| Untracked 
|  62|0x000000070b200000, 0x000000070b200000, 0x000000070b400000|  0%| F|  |TAMS 0x000000070b200000, 0x000000070b200000| Untracked 
|  63|0x000000070b400000, 0x000000070b400000, 0x000000070b600000|  0%| F|  |TAMS 0x000000070b400000, 0x000000070b400000| Untracked 
|  64|0x000000070b600000, 0x000000070b600000, 0x000000070b800000|  0%| F|  |TAMS 0x000000070b600000, 0x000000070b600000| Untracked 
|  65|0x000000070b800000, 0x000000070b800000, 0x000000070ba00000|  0%| F|  |TAMS 0x000000070b800000, 0x000000070b800000| Untracked 
|  66|0x000000070ba00000, 0x000000070ba00000, 0x000000070bc00000|  0%| F|  |TAMS 0x000000070ba00000, 0x000000070ba00000| Untracked 
|  67|0x000000070bc00000, 0x000000070bc00000, 0x000000070be00000|  0%| F|  |TAMS 0x000000070bc00000, 0x000000070bc00000| Untracked 
|  68|0x000000070be00000, 0x000000070be00000, 0x000000070c000000|  0%| F|  |TAMS 0x000000070be00000, 0x000000070be00000| Untracked 
|  69|0x000000070c000000, 0x000000070c000000, 0x000000070c200000|  0%| F|  |TAMS 0x000000070c000000, 0x000000070c000000| Untracked 
|  70|0x000000070c200000, 0x000000070c200000, 0x000000070c400000|  0%| F|  |TAMS 0x000000070c200000, 0x000000070c200000| Untracked 
|  71|0x000000070c400000, 0x000000070c400000, 0x000000070c600000|  0%| F|  |TAMS 0x000000070c400000, 0x000000070c400000| Untracked 
|  72|0x000000070c600000, 0x000000070c600000, 0x000000070c800000|  0%| F|  |TAMS 0x000000070c600000, 0x000000070c600000| Untracked 
|  73|0x000000070c800000, 0x000000070c800000, 0x000000070ca00000|  0%| F|  |TAMS 0x000000070c800000, 0x000000070c800000| Untracked 
|  74|0x000000070ca00000, 0x000000070ca00000, 0x000000070cc00000|  0%| F|  |TAMS 0x000000070ca00000, 0x000000070ca00000| Untracked 
|  75|0x000000070cc00000, 0x000000070cc00000, 0x000000070ce00000|  0%| F|  |TAMS 0x000000070cc00000, 0x000000070cc00000| Untracked 
|  76|0x000000070ce00000, 0x000000070ce00000, 0x000000070d000000|  0%| F|  |TAMS 0x000000070ce00000, 0x000000070ce00000| Untracked 
|  77|0x000000070d000000, 0x000000070d000000, 0x000000070d200000|  0%| F|  |TAMS 0x000000070d000000, 0x000000070d000000| Untracked 
|  78|0x000000070d200000, 0x000000070d200000, 0x000000070d400000|  0%| F|  |TAMS 0x000000070d200000, 0x000000070d200000| Untracked 
|  79|0x000000070d400000, 0x000000070d400000, 0x000000070d600000|  0%| F|  |TAMS 0x000000070d400000, 0x000000070d400000| Untracked 
|  80|0x000000070d600000, 0x000000070d600000, 0x000000070d800000|  0%| F|  |TAMS 0x000000070d600000, 0x000000070d600000| Untracked 
|  81|0x000000070d800000, 0x000000070d800000, 0x000000070da00000|  0%| F|  |TAMS 0x000000070d800000, 0x000000070d800000| Untracked 
|  82|0x000000070da00000, 0x000000070da00000, 0x000000070dc00000|  0%| F|  |TAMS 0x000000070da00000, 0x000000070da00000| Untracked 
|  83|0x000000070dc00000, 0x000000070dc00000, 0x000000070de00000|  0%| F|  |TAMS 0x000000070dc00000, 0x000000070dc00000| Untracked 
|  84|0x000000070de00000, 0x000000070de00000, 0x000000070e000000|  0%| F|  |TAMS 0x000000070de00000, 0x000000070de00000| Untracked 
|  85|0x000000070e000000, 0x000000070e000000, 0x000000070e200000|  0%| F|  |TAMS 0x000000070e000000, 0x000000070e000000| Untracked 
|  86|0x000000070e200000, 0x000000070e200000, 0x000000070e400000|  0%| F|  |TAMS 0x000000070e200000, 0x000000070e200000| Untracked 
|  87|0x000000070e400000, 0x000000070e400000, 0x000000070e600000|  0%| F|  |TAMS 0x000000070e400000, 0x000000070e400000| Untracked 
|  88|0x000000070e600000, 0x000000070e600000, 0x000000070e800000|  0%| F|  |TAMS 0x000000070e600000, 0x000000070e600000| Untracked 
|  89|0x000000070e800000, 0x000000070e800000, 0x000000070ea00000|  0%| F|  |TAMS 0x000000070e800000, 0x000000070e800000| Untracked 
|  90|0x000000070ea00000, 0x000000070ea00000, 0x000000070ec00000|  0%| F|  |TAMS 0x000000070ea00000, 0x000000070ea00000| Untracked 
|  91|0x000000070ec00000, 0x000000070ec00000, 0x000000070ee00000|  0%| F|  |TAMS 0x000000070ec00000, 0x000000070ec00000| Untracked 
|  92|0x000000070ee00000, 0x000000070ee00000, 0x000000070f000000|  0%| F|  |TAMS 0x000000070ee00000, 0x000000070ee00000| Untracked 
|  93|0x000000070f000000, 0x000000070f000000, 0x000000070f200000|  0%| F|  |TAMS 0x000000070f000000, 0x000000070f000000| Untracked 
|  94|0x000000070f200000, 0x000000070f200000, 0x000000070f400000|  0%| F|  |TAMS 0x000000070f200000, 0x000000070f200000| Untracked 
|  95|0x000000070f400000, 0x000000070f400000, 0x000000070f600000|  0%| F|  |TAMS 0x000000070f400000, 0x000000070f400000| Untracked 
|  96|0x000000070f600000, 0x000000070f600000, 0x000000070f800000|  0%| F|  |TAMS 0x000000070f600000, 0x000000070f600000| Untracked 
|  97|0x000000070f800000, 0x000000070f800000, 0x000000070fa00000|  0%| F|  |TAMS 0x000000070f800000, 0x000000070f800000| Untracked 
|  98|0x000000070fa00000, 0x000000070fa00000, 0x000000070fc00000|  0%| F|  |TAMS 0x000000070fa00000, 0x000000070fa00000| Untracked 
|  99|0x000000070fc00000, 0x000000070fc00000, 0x000000070fe00000|  0%| F|  |TAMS 0x000000070fc00000, 0x000000070fc00000| Untracked 
| 100|0x000000070fe00000, 0x000000070fe00000, 0x0000000710000000|  0%| F|  |TAMS 0x000000070fe00000, 0x000000070fe00000| Untracked 
| 101|0x0000000710000000, 0x0000000710000000, 0x0000000710200000|  0%| F|  |TAMS 0x0000000710000000, 0x0000000710000000| Untracked 
| 102|0x0000000710200000, 0x0000000710200000, 0x0000000710400000|  0%| F|  |TAMS 0x0000000710200000, 0x0000000710200000| Untracked 
| 103|0x0000000710400000, 0x0000000710400000, 0x0000000710600000|  0%| F|  |TAMS 0x0000000710400000, 0x0000000710400000| Untracked 
| 104|0x0000000710600000, 0x0000000710600000, 0x0000000710800000|  0%| F|  |TAMS 0x0000000710600000, 0x0000000710600000| Untracked 
| 105|0x0000000710800000, 0x0000000710800000, 0x0000000710a00000|  0%| F|  |TAMS 0x0000000710800000, 0x0000000710800000| Untracked 
| 106|0x0000000710a00000, 0x0000000710a00000, 0x0000000710c00000|  0%| F|  |TAMS 0x0000000710a00000, 0x0000000710a00000| Untracked 
| 107|0x0000000710c00000, 0x0000000710c00000, 0x0000000710e00000|  0%| F|  |TAMS 0x0000000710c00000, 0x0000000710c00000| Untracked 
| 108|0x0000000710e00000, 0x0000000710e00000, 0x0000000711000000|  0%| F|  |TAMS 0x0000000710e00000, 0x0000000710e00000| Untracked 
| 109|0x0000000711000000, 0x0000000711000000, 0x0000000711200000|  0%| F|  |TAMS 0x0000000711000000, 0x0000000711000000| Untracked 
| 110|0x0000000711200000, 0x0000000711200000, 0x0000000711400000|  0%| F|  |TAMS 0x0000000711200000, 0x0000000711200000| Untracked 
| 111|0x0000000711400000, 0x0000000711400000, 0x0000000711600000|  0%| F|  |TAMS 0x0000000711400000, 0x0000000711400000| Untracked 
| 112|0x0000000711600000, 0x0000000711600000, 0x0000000711800000|  0%| F|  |TAMS 0x0000000711600000, 0x0000000711600000| Untracked 
| 113|0x0000000711800000, 0x0000000711800000, 0x0000000711a00000|  0%| F|  |TAMS 0x0000000711800000, 0x0000000711800000| Untracked 
| 114|0x0000000711a00000, 0x0000000711a00000, 0x0000000711c00000|  0%| F|  |TAMS 0x0000000711a00000, 0x0000000711a00000| Untracked 
| 115|0x0000000711c00000, 0x0000000711c00000, 0x0000000711e00000|  0%| F|  |TAMS 0x0000000711c00000, 0x0000000711c00000| Untracked 
| 116|0x0000000711e00000, 0x0000000711e00000, 0x0000000712000000|  0%| F|  |TAMS 0x0000000711e00000, 0x0000000711e00000| Untracked 
| 117|0x0000000712000000, 0x0000000712000000, 0x0000000712200000|  0%| F|  |TAMS 0x0000000712000000, 0x0000000712000000| Untracked 
| 118|0x0000000712200000, 0x0000000712200000, 0x0000000712400000|  0%| F|  |TAMS 0x0000000712200000, 0x0000000712200000| Untracked 
| 119|0x0000000712400000, 0x0000000712400000, 0x0000000712600000|  0%| F|  |TAMS 0x0000000712400000, 0x0000000712400000| Untracked 
| 120|0x0000000712600000, 0x0000000712800000, 0x0000000712800000|100%| E|  |TAMS 0x0000000712600000, 0x0000000712600000| Complete 
| 121|0x0000000712800000, 0x0000000712a00000, 0x0000000712a00000|100%| E|CS|TAMS 0x0000000712800000, 0x0000000712800000| Complete 
| 122|0x0000000712a00000, 0x0000000712c00000, 0x0000000712c00000|100%| E|CS|TAMS 0x0000000712a00000, 0x0000000712a00000| Complete 
| 123|0x0000000712c00000, 0x0000000712e00000, 0x0000000712e00000|100%| E|CS|TAMS 0x0000000712c00000, 0x0000000712c00000| Complete 
| 124|0x0000000712e00000, 0x0000000713000000, 0x0000000713000000|100%| E|CS|TAMS 0x0000000712e00000, 0x0000000712e00000| Complete 
| 125|0x0000000713000000, 0x0000000713200000, 0x0000000713200000|100%| E|CS|TAMS 0x0000000713000000, 0x0000000713000000| Complete 
| 126|0x0000000713200000, 0x0000000713400000, 0x0000000713400000|100%| E|CS|TAMS 0x0000000713200000, 0x0000000713200000| Complete 

Card table byte_map: [0x0000017de7de0000,0x0000017de85d0000] _byte_map_base: 0x0000017de45c5000

Marking Bits (Prev, Next): (CMBitMap*) 0x0000017dd089b610, (CMBitMap*) 0x0000017dd089b650
 Prev Bits: [0x0000017de8dc0000, 0x0000017decce8000)
 Next Bits: [0x0000017deccf0000, 0x0000017df0c18000)

Polling page: 0x0000017dd0000000

Metaspace:

Usage:
  Non-class:      5.10 MB used.
      Class:    266.30 KB used.
       Both:      5.36 MB used.

Virtual space:
  Non-class space:        8.00 MB reserved,       5.19 MB ( 65%) committed,  1 nodes.
      Class space:        1.00 GB reserved,     384.00 KB ( <1%) committed,  1 nodes.
             Both:        1.01 GB reserved,       5.56 MB ( <1%) committed. 

Chunk freelists:
   Non-Class:  111.00 KB
       Class:  3.56 MB
        Both:  3.67 MB

MaxMetaspaceSize: unlimited
CompressedClassSpaceSize: 1.00 GB
Initial GC threshold: 21.00 MB
Current GC threshold: 21.00 MB
CDS: on
MetaspaceReclaimPolicy: balanced
 - commit_granule_bytes: 65536.
 - commit_granule_words: 8192.
 - virtual_space_node_default_size: 1048576.
 - enlarge_chunks_in_place: 1.
 - new_chunks_are_fully_committed: 0.
 - uncommit_free_chunks: 1.
 - use_allocation_guard: 0.
 - handle_deallocations: 1.


Internal statistics:

num_allocs_failed_limit: 0.
num_arena_births: 76.
num_arena_deaths: 0.
num_vsnodes_births: 2.
num_vsnodes_deaths: 0.
num_space_committed: 87.
num_space_uncommitted: 0.
num_chunks_returned_to_freelist: 0.
num_chunks_taken_from_freelist: 231.
num_chunk_merges: 0.
num_chunk_splits: 171.
num_chunks_enlarged: 134.
num_purges: 0.
num_inconsistent_stats: 0.

CodeHeap 'non-profiled nmethods': size=120000Kb used=221Kb max_used=221Kb free=119778Kb
 bounds [0x0000017ddfb70000, 0x0000017ddfde0000, 0x0000017de70a0000]
CodeHeap 'profiled nmethods': size=120000Kb used=1178Kb max_used=1178Kb free=118821Kb
 bounds [0x0000017dd8640000, 0x0000017dd88b0000, 0x0000017ddfb70000]
CodeHeap 'non-nmethods': size=5760Kb used=1587Kb max_used=1592Kb free=4172Kb
 bounds [0x0000017dd80a0000, 0x0000017dd8310000, 0x0000017dd8640000]
 total_blobs=1724 nmethods=724 adapters=913
 compilation: enabled
              stopped_count=0, restarted_count=0
 full_count=0

Compilation events (20 events):
Event: 0.587 Thread 0x0000017df38b61c0  715       3       jdk.internal.jimage.ImageStringsReader::stringFromByteBufferMatches (133 bytes)
Event: 0.588 Thread 0x0000017df38b61c0 nmethod 715 0x0000017dd875d810 code [0x0000017dd875db00, 0x0000017dd875ec88]
Event: 0.588 Thread 0x0000017df38b61c0  714       3       jdk.internal.org.objectweb.asm.ClassReader::readUnsignedShort (26 bytes)
Event: 0.588 Thread 0x0000017df38b61c0 nmethod 714 0x0000017dd875f410 code [0x0000017dd875f5a0, 0x0000017dd875f718]
Event: 0.590 Thread 0x0000017df38b61c0  716       3       java.io.FilterInputStream::read (11 bytes)
Event: 0.590 Thread 0x0000017df38b61c0 nmethod 716 0x0000017dd875f810 code [0x0000017dd875f9c0, 0x0000017dd875fba8]
Event: 0.590 Thread 0x0000017df38b61c0  717       3       java.io.FilterInputStream::read (9 bytes)
Event: 0.590 Thread 0x0000017df38b61c0 nmethod 717 0x0000017dd875fc90 code [0x0000017dd875fe40, 0x0000017dd8760028]
Event: 0.590 Thread 0x0000017df38b61c0  718       3       java.util.zip.ZipFile$ZipFileInputStream::initDataOffset (117 bytes)
Event: 0.591 Thread 0x0000017df38b61c0 nmethod 718 0x0000017dd8760110 code [0x0000017dd8760320, 0x0000017dd8760ac8]
Event: 0.591 Thread 0x0000017df38b61c0  721       3       jdk.internal.misc.Unsafe::copyMemory (33 bytes)
Event: 0.591 Thread 0x0000017df38b61c0 nmethod 721 0x0000017dd8760e10 code [0x0000017dd87610c0, 0x0000017dd8761e18]
Event: 0.591 Thread 0x0000017df38b61c0  720       3       sun.nio.ch.Util::isBufferTooLarge (15 bytes)
Event: 0.591 Thread 0x0000017df38b61c0 nmethod 720 0x0000017dd8762410 code [0x0000017dd87625a0, 0x0000017dd87626f8]
Event: 0.591 Thread 0x0000017df38b61c0  722       3       jdk.internal.misc.Unsafe::copyMemoryChecks (21 bytes)
Event: 0.592 Thread 0x0000017df38b61c0 nmethod 722 0x0000017dd8762790 code [0x0000017dd8762a40, 0x0000017dd87637a8]
Event: 0.592 Thread 0x0000017df38b61c0  719   !   3       java.util.zip.ZipFile$Source::readAt (39 bytes)
Event: 0.592 Thread 0x0000017df38b61c0 nmethod 719 0x0000017dd8763d10 code [0x0000017dd8763f00, 0x0000017dd8764388]
Event: 0.594 Thread 0x0000017df38b61c0  724       3       jdk.internal.jimage.ImageLocation::verifyName (161 bytes)
Event: 0.595 Thread 0x0000017df38b61c0 nmethod 724 0x0000017dd8764690 code [0x0000017dd87649c0, 0x0000017dd8765fb8]

GC Heap History (0 events):
No events

Deoptimization events (12 events):
Event: 0.144 Thread 0x0000017dd082e4c0 DEOPT PACKING pc=0x0000017dd86531e7 sp=0x00000041c40f8f00
Event: 0.144 Thread 0x0000017dd082e4c0 DEOPT UNPACKING pc=0x0000017dd80f6763 sp=0x00000041c40f8320 mode 0
Event: 0.490 Thread 0x0000017dd082e4c0 DEOPT PACKING pc=0x0000017dd866e765 sp=0x00000041c40fd830
Event: 0.490 Thread 0x0000017dd082e4c0 DEOPT UNPACKING pc=0x0000017dd80f6763 sp=0x00000041c40fcc80 mode 0
Event: 0.540 Thread 0x0000017dd082e4c0 Uncommon trap: trap_request=0xffffff45 fr.pc=0x0000017ddfb9cca4 relative=0x0000000000000da4
Event: 0.540 Thread 0x0000017dd082e4c0 Uncommon trap: reason=unstable_if action=reinterpret pc=0x0000017ddfb9cca4 method=java.util.LinkedHashMap.linkNodeLast(Ljava/util/LinkedHashMap$Entry;)V @ 11 c2
Event: 0.540 Thread 0x0000017dd082e4c0 DEOPT PACKING pc=0x0000017ddfb9cca4 sp=0x00000041c40fa840
Event: 0.540 Thread 0x0000017dd082e4c0 DEOPT UNPACKING pc=0x0000017dd80f5c23 sp=0x00000041c40fa6e0 mode 2
Event: 0.564 Thread 0x0000017dd082e4c0 Uncommon trap: trap_request=0xffffff45 fr.pc=0x0000017ddfba42a4 relative=0x0000000000000504
Event: 0.564 Thread 0x0000017dd082e4c0 Uncommon trap: reason=unstable_if action=reinterpret pc=0x0000017ddfba42a4 method=java.lang.StringLatin1.newString([BII)Ljava/lang/String; @ 1 c2
Event: 0.564 Thread 0x0000017dd082e4c0 DEOPT PACKING pc=0x0000017ddfba42a4 sp=0x00000041c40fecf0
Event: 0.564 Thread 0x0000017dd082e4c0 DEOPT UNPACKING pc=0x0000017dd80f5c23 sp=0x00000041c40fec50 mode 2

Classes unloaded (0 events):
No events

Classes redefined (0 events):
No events

Internal exceptions (19 events):
Event: 0.146 Thread 0x0000017dd082e4c0 Exception <a 'java/lang/NoSuchMethodError'{0x00000007131698e0}: 'java.lang.Object java.lang.invoke.DirectMethodHandle$Holder.invokeStaticInit(java.lang.Object)'> (0x00000007131698e0) 
thrown [s\open\src\hotspot\share\interpreter\linkResolver.cpp, line 759]
Event: 0.159 Thread 0x0000017dd082e4c0 Exception <a 'java/lang/NoSuchMethodError'{0x00000007131b72d8}: 'void java.lang.invoke.DirectMethodHandle$Holder.invokeStatic(java.lang.Object, java.lang.Object)'> (0x00000007131b72d8) 
thrown [s\open\src\hotspot\share\interpreter\linkResolver.cpp, line 759]
Event: 0.160 Thread 0x0000017dd082e4c0 Exception <a 'java/lang/NoSuchMethodError'{0x00000007131bcb20}: 'void java.lang.invoke.DirectMethodHandle$Holder.invokeSpecial(java.lang.Object, java.lang.Object, java.lang.Object)'> (0x00000007131bcb20) 
thrown [s\open\src\hotspot\share\interpreter\linkResolver.cpp, line 759]
Event: 0.162 Thread 0x0000017dd082e4c0 Exception <a 'java/lang/NoSuchMethodError'{0x00000007131ce7e8}: 'java.lang.Object java.lang.invoke.DirectMethodHandle$Holder.invokeStatic(java.lang.Object, java.lang.Object, int)'> (0x00000007131ce7e8) 
thrown [s\open\src\hotspot\share\interpreter\linkResolver.cpp, line 759]
Event: 0.163 Thread 0x0000017dd082e4c0 Exception <a 'java/lang/NoSuchMethodError'{0x00000007131da948}: 'void java.lang.invoke.DelegatingMethodHandle$Holder.delegate(java.lang.Object, java.lang.Object, int, java.lang.Object)'> (0x00000007131da948) 
thrown [s\open\src\hotspot\share\interpreter\linkResolver.cpp, line 759]
Event: 0.163 Thread 0x0000017dd082e4c0 Exception <a 'java/lang/NoSuchMethodError'{0x00000007131deb88}: 'int java.lang.invoke.DirectMethodHandle$Holder.invokeSpecial(java.lang.Object, java.lang.Object, java.lang.Object)'> (0x00000007131deb88) 
thrown [s\open\src\hotspot\share\interpreter\linkResolver.cpp, line 759]
Event: 0.199 Thread 0x0000017dd082e4c0 Exception <a 'sun/nio/fs/WindowsException'{0x0000000712e39cf0}> (0x0000000712e39cf0) 
thrown [s\open\src\hotspot\share\prims\jni.cpp, line 516]
Event: 0.200 Thread 0x0000017dd082e4c0 Exception <a 'sun/nio/fs/WindowsException'{0x0000000712e3a248}> (0x0000000712e3a248) 
thrown [s\open\src\hotspot\share\prims\jni.cpp, line 516]
Event: 0.224 Thread 0x0000017dd082e4c0 Exception <a 'sun/nio/fs/WindowsException'{0x0000000712ef5038}> (0x0000000712ef5038) 
thrown [s\open\src\hotspot\share\prims\jni.cpp, line 516]
Event: 0.224 Thread 0x0000017dd082e4c0 Exception <a 'sun/nio/fs/WindowsException'{0x0000000712ef53a8}> (0x0000000712ef53a8) 
thrown [s\open\src\hotspot\share\prims\jni.cpp, line 516]
Event: 0.326 Thread 0x0000017dd082e4c0 Exception <a 'java/lang/NoSuchMethodError'{0x0000000712f46c80}: 'void java.lang.invoke.DirectMethodHandle$Holder.invokeStaticInit(java.lang.Object, long, double, double)'> (0x0000000712f46c80) 
thrown [s\open\src\hotspot\share\interpreter\linkResolver.cpp, line 759]
Event: 0.328 Thread 0x0000017dd082e4c0 Exception <a 'java/lang/NoSuchMethodError'{0x0000000712f56520}: 'void java.lang.invoke.DirectMethodHandle$Holder.invokeStaticInit(java.lang.Object, long, int, int, int)'> (0x0000000712f56520) 
thrown [s\open\src\hotspot\share\interpreter\linkResolver.cpp, line 759]
Event: 0.335 Thread 0x0000017dd082e4c0 Exception <a 'java/lang/NoSuchMethodError'{0x0000000712f6f308}: 'void java.lang.invoke.DirectMethodHandle$Holder.invokeStaticInit(java.lang.Object, long, int, int, int, int)'> (0x0000000712f6f308) 
thrown [s\open\src\hotspot\share\interpreter\linkResolver.cpp, line 759]
Event: 0.378 Thread 0x0000017dd082e4c0 Exception <a 'sun/nio/fs/WindowsException'{0x0000000712fa8390}> (0x0000000712fa8390) 
thrown [s\open\src\hotspot\share\prims\jni.cpp, line 516]
Event: 0.378 Thread 0x0000017dd082e4c0 Exception <a 'sun/nio/fs/WindowsException'{0x0000000712fa8740}> (0x0000000712fa8740) 
thrown [s\open\src\hotspot\share\prims\jni.cpp, line 516]
Event: 0.381 Thread 0x0000017dd082e4c0 Exception <a 'sun/nio/fs/WindowsException'{0x0000000712fafb18}> (0x0000000712fafb18) 
thrown [s\open\src\hotspot\share\prims\jni.cpp, line 516]
Event: 0.381 Thread 0x0000017dd082e4c0 Exception <a 'sun/nio/fs/WindowsException'{0x0000000712fafe00}> (0x0000000712fafe00) 
thrown [s\open\src\hotspot\share\prims\jni.cpp, line 516]
Event: 0.592 Thread 0x0000017dd082e4c0 Exception <a 'sun/nio/fs/WindowsException'{0x00000007127f11e0}> (0x00000007127f11e0) 
thrown [s\open\src\hotspot\share\prims\jni.cpp, line 516]
Event: 0.592 Thread 0x0000017dd082e4c0 Exception <a 'sun/nio/fs/WindowsException'{0x00000007127f1568}> (0x00000007127f1568) 
thrown [s\open\src\hotspot\share\prims\jni.cpp, line 516]

VM Operations (4 events):
Event: 0.065 Executing VM operation: HandshakeAllThreads
Event: 0.065 Executing VM operation: HandshakeAllThreads done
Event: 0.385 Executing VM operation: HandshakeAllThreads
Event: 0.385 Executing VM operation: HandshakeAllThreads done

Events (20 events):
Event: 0.401 loading class sun/util/resources/LocaleData$LocaleDataResourceBundleProvider
Event: 0.401 loading class java/util/spi/ResourceBundleProvider
Event: 0.401 loading class java/util/spi/ResourceBundleProvider done
Event: 0.401 loading class sun/util/resources/LocaleData$LocaleDataResourceBundleProvider done
Event: 0.401 loading class sun/util/resources/LocaleData$CommonResourceBundleProvider done
Event: 0.402 loading class java/util/ArrayList$SubList$1
Event: 0.402 loading class java/util/ArrayList$SubList$1 done
Event: 0.402 loading class sun/text/resources/cldr/FormatData_en
Event: 0.402 loading class sun/text/resources/cldr/FormatData_en done
Event: 0.402 loading class sun/util/resources/Bundles$2
Event: 0.402 loading class sun/util/resources/Bundles$2 done
Event: 0.407 Thread 0x0000017df4d97020 Thread added: 0x0000017df4d97020
Event: 0.529 loading class jdk/internal/reflect/UnsafeQualifiedLongFieldAccessorImpl
Event: 0.529 loading class jdk/internal/reflect/UnsafeQualifiedFieldAccessorImpl
Event: 0.529 loading class jdk/internal/reflect/UnsafeQualifiedFieldAccessorImpl done
Event: 0.529 loading class jdk/internal/reflect/UnsafeQualifiedLongFieldAccessorImpl done
Event: 0.541 loading class java/io/Externalizable
Event: 0.541 loading class java/io/Externalizable done
Event: 0.544 Loaded shared library C:\Program Files\Java\jdk-17.0.4.1\bin\verify.dll
Event: 0.594 Loaded shared library C:\Users\amaan\AppData\Local\Temp\lwjglamaan\3.2.3-build-13\lwjgl_stb.dll


Dynamic libraries:
0x00007ff64fea0000 - 0x00007ff64feb0000 	C:\Program Files\Java\jdk-17.0.4.1\bin\java.exe
0x00007fff4b3f0000 - 0x00007fff4b607000 	C:\WINDOWS\SYSTEM32\ntdll.dll
0x00007fff49800000 - 0x00007fff498c4000 	C:\WINDOWS\System32\KERNEL32.DLL
0x00007fff48940000 - 0x00007fff48ce5000 	C:\WINDOWS\System32\KERNELBASE.dll
0x00007fff48cf0000 - 0x00007fff48e01000 	C:\WINDOWS\System32\ucrtbase.dll
0x00007fff439e0000 - 0x00007fff439f8000 	C:\Program Files\Java\jdk-17.0.4.1\bin\jli.dll
0x00007fff49df0000 - 0x00007fff49ea1000 	C:\WINDOWS\System32\ADVAPI32.dll
0x00007fff38550000 - 0x00007fff3856a000 	C:\Program Files\Java\jdk-17.0.4.1\bin\VCRUNTIME140.dll
0x00007fff49750000 - 0x00007fff497f7000 	C:\WINDOWS\System32\msvcrt.dll
0x00007fff49380000 - 0x00007fff49426000 	C:\WINDOWS\System32\sechost.dll
0x00007fff49440000 - 0x00007fff49557000 	C:\WINDOWS\System32\RPCRT4.dll
0x00007fff4a050000 - 0x00007fff4a1fe000 	C:\WINDOWS\System32\USER32.dll
0x00007fff48f70000 - 0x00007fff48f96000 	C:\WINDOWS\System32\win32u.dll
0x00007fff291f0000 - 0x00007fff29483000 	C:\WINDOWS\WinSxS\amd64_microsoft.windows.common-controls_6595b64144ccf1df_6.0.22621.2506_none_270c5ae97388e100\COMCTL32.dll
0x00007fff4b1b0000 - 0x00007fff4b1d9000 	C:\WINDOWS\System32\GDI32.dll
0x00007fff48fa0000 - 0x00007fff490b9000 	C:\WINDOWS\System32\gdi32full.dll
0x00007fff48ed0000 - 0x00007fff48f6a000 	C:\WINDOWS\System32\msvcp_win.dll
0x00007fff3fb80000 - 0x00007fff3fb8a000 	C:\WINDOWS\SYSTEM32\VERSION.dll
0x00007fff49300000 - 0x00007fff49331000 	C:\WINDOWS\System32\IMM32.DLL
0x00007fff38540000 - 0x00007fff3854c000 	C:\Program Files\Java\jdk-17.0.4.1\bin\vcruntime140_1.dll
0x00007fff37c30000 - 0x00007fff37cbd000 	C:\Program Files\Java\jdk-17.0.4.1\bin\msvcp140.dll
0x00007ffebbdd0000 - 0x00007ffebc992000 	C:\Program Files\Java\jdk-17.0.4.1\bin\server\jvm.dll
0x00007fff49360000 - 0x00007fff49368000 	C:\WINDOWS\System32\PSAPI.DLL
0x00007fff297d0000 - 0x00007fff297d9000 	C:\WINDOWS\SYSTEM32\WSOCK32.dll
0x00007fff3ec30000 - 0x00007fff3ec64000 	C:\WINDOWS\SYSTEM32\WINMM.dll
0x00007fff4b050000 - 0x00007fff4b0c1000 	C:\WINDOWS\System32\WS2_32.dll
0x00007fff477b0000 - 0x00007fff477c8000 	C:\WINDOWS\SYSTEM32\kernel.appcore.dll
0x00007fff384f0000 - 0x00007fff384fa000 	C:\Program Files\Java\jdk-17.0.4.1\bin\jimage.dll
0x00007fff46020000 - 0x00007fff46253000 	C:\WINDOWS\SYSTEM32\DBGHELP.DLL
0x00007fff499b0000 - 0x00007fff49d39000 	C:\WINDOWS\System32\combase.dll
0x00007fff4b0d0000 - 0x00007fff4b1a7000 	C:\WINDOWS\System32\OLEAUT32.dll
0x00007fff2daf0000 - 0x00007fff2db22000 	C:\WINDOWS\SYSTEM32\dbgcore.DLL
0x00007fff490c0000 - 0x00007fff4913a000 	C:\WINDOWS\System32\bcryptPrimitives.dll
0x00007fff38150000 - 0x00007fff38175000 	C:\Program Files\Java\jdk-17.0.4.1\bin\java.dll
0x00007ffefccf0000 - 0x00007ffefcdc6000 	C:\Program Files\Java\jdk-17.0.4.1\bin\jsvml.dll
0x00007fff4a310000 - 0x00007fff4ab69000 	C:\WINDOWS\System32\SHELL32.dll
0x00007fff46630000 - 0x00007fff46f24000 	C:\WINDOWS\SYSTEM32\windows.storage.dll
0x00007fff464f0000 - 0x00007fff4662e000 	C:\WINDOWS\SYSTEM32\wintypes.dll
0x00007fff4a210000 - 0x00007fff4a303000 	C:\WINDOWS\System32\SHCORE.dll
0x00007fff4aff0000 - 0x00007fff4b04e000 	C:\WINDOWS\System32\shlwapi.dll
0x00007fff48690000 - 0x00007fff486b6000 	C:\WINDOWS\SYSTEM32\profapi.dll
0x00007fff37c10000 - 0x00007fff37c29000 	C:\Program Files\Java\jdk-17.0.4.1\bin\net.dll
0x00007fff3eee0000 - 0x00007fff3f017000 	C:\WINDOWS\SYSTEM32\WINHTTP.dll
0x00007fff47cb0000 - 0x00007fff47d19000 	C:\WINDOWS\system32\mswsock.dll
0x00007fff304f0000 - 0x00007fff30506000 	C:\Program Files\Java\jdk-17.0.4.1\bin\nio.dll
0x00007fff304d0000 - 0x00007fff304e8000 	C:\Program Files\Java\jdk-17.0.4.1\bin\zip.dll
0x00007ffefc9f0000 - 0x00007ffefca54000 	C:\Users\amaan\AppData\Local\Temp\lwjglamaan\3.2.3-build-13\lwjgl.dll
0x00007ffefb920000 - 0x00007ffefb982000 	C:\Users\amaan\AppData\Local\Temp\lwjglamaan\3.2.3-build-13\glfw.dll
0x00007fff45670000 - 0x00007fff4571b000 	C:\WINDOWS\system32\uxtheme.dll
0x00007fff303c0000 - 0x00007fff30406000 	C:\WINDOWS\SYSTEM32\dinput8.dll
0x00007fff31f70000 - 0x00007fff31f81000 	C:\WINDOWS\SYSTEM32\xinput1_4.dll
0x00007fff48420000 - 0x00007fff4846e000 	C:\WINDOWS\SYSTEM32\cfgmgr32.dll
0x00007fff48470000 - 0x00007fff4849c000 	C:\WINDOWS\SYSTEM32\DEVOBJ.dll
0x00007fff45cb0000 - 0x00007fff45cdb000 	C:\WINDOWS\SYSTEM32\dwmapi.dll
0x00007fff1fca0000 - 0x00007fff1feaa000 	C:\WINDOWS\SYSTEM32\inputhost.dll
0x00007fff451c0000 - 0x00007fff452f3000 	C:\WINDOWS\SYSTEM32\CoreMessaging.dll
0x00007fff4b260000 - 0x00007fff4b3af000 	C:\WINDOWS\System32\MSCTF.dll
0x00007fff47f40000 - 0x00007fff47f4c000 	C:\WINDOWS\SYSTEM32\CRYPTBASE.DLL
0x00007fff46f40000 - 0x00007fff46f4e000 	C:\WINDOWS\SYSTEM32\HID.DLL
0x00007fff4ab70000 - 0x00007fff4afe4000 	C:\WINDOWS\System32\SETUPAPI.DLL
0x00007fff48760000 - 0x00007fff487cc000 	C:\WINDOWS\System32\WINTRUST.dll
0x00007fff487d0000 - 0x00007fff48936000 	C:\WINDOWS\System32\CRYPT32.dll
0x00007fff48400000 - 0x00007fff48412000 	C:\WINDOWS\SYSTEM32\MSASN1.dll
0x00007fff1b5f0000 - 0x00007fff1b6f0000 	C:\WINDOWS\SYSTEM32\opengl32.dll
0x00007fff1d9f0000 - 0x00007fff1da1d000 	C:\WINDOWS\SYSTEM32\GLU32.dll
0x00007fff458a0000 - 0x00007fff458d6000 	C:\WINDOWS\SYSTEM32\dxcore.dll
0x00007fff3fb30000 - 0x00007fff3fb7a000 	C:\WINDOWS\SYSTEM32\directxdatabasehelper.dll
0x00007fff49d40000 - 0x00007fff49df0000 	C:\WINDOWS\System32\clbcatq.dll
0x00007ffebadd0000 - 0x00007ffebbdc3000 	C:\WINDOWS\System32\DriverStore\FileRepository\iigd_dch.inf_amd64_5802b1615520e41c\igxelpicd64.dll
0x00007fff49eb0000 - 0x00007fff4a050000 	C:\WINDOWS\System32\ole32.dll
0x00007fff459c0000 - 0x00007fff45ab8000 	C:\WINDOWS\system32\dxgi.dll
0x00007ffec15e0000 - 0x00007ffec18c7000 	C:\WINDOWS\System32\DriverStore\FileRepository\iigd_dch.inf_amd64_5802b1615520e41c\igdml64.dll
0x00007fff39510000 - 0x00007fff398d7000 	C:\WINDOWS\System32\DriverStore\FileRepository\iigd_dch.inf_amd64_5802b1615520e41c\igdgmm64.dll
0x00007fff32510000 - 0x00007fff35b21000 	C:\WINDOWS\System32\DriverStore\FileRepository\iigd_dch.inf_amd64_5802b1615520e41c\igc64.dll
0x00007fff47570000 - 0x00007fff475bd000 	C:\WINDOWS\SYSTEM32\powrprof.dll
0x00007fff47550000 - 0x00007fff47563000 	C:\WINDOWS\SYSTEM32\UMPDC.dll
0x00007fff37620000 - 0x00007fff3776a000 	C:\WINDOWS\SYSTEM32\textinputframework.dll
0x00007fff3f080000 - 0x00007fff3f3ec000 	C:\WINDOWS\SYSTEM32\CoreUIComponents.dll
0x00007ffef9db0000 - 0x00007ffef9e09000 	C:\Users\amaan\AppData\Local\Temp\lwjglamaan\3.2.3-build-13\lwjgl_opengl.dll
0x00007fff38290000 - 0x00007fff382a0000 	C:\Program Files\Java\jdk-17.0.4.1\bin\verify.dll
0x00007ffef9d30000 - 0x00007ffef9da7000 	C:\Users\amaan\AppData\Local\Temp\lwjglamaan\3.2.3-build-13\lwjgl_stb.dll

dbghelp: loaded successfully - version: 4.0.5 - missing functions: none
symbol engine: initialized successfully - sym options: 0x614 - pdb path: .;C:\Program Files\Java\jdk-17.0.4.1\bin;C:\WINDOWS\SYSTEM32;C:\WINDOWS\WinSxS\amd64_microsoft.windows.common-controls_6595b64144ccf1df_6.0.22621.2506_none_270c5ae97388e100;C:\Program Files\Java\jdk-17.0.4.1\bin\server;C:\Users\amaan\AppData\Local\Temp\lwjglamaan\3.2.3-build-13;C:\WINDOWS\System32\DriverStore\FileRepository\iigd_dch.inf_amd64_5802b1615520e41c

VM Arguments:
jvm_args: -Dfile.encoding=windows-1252 -Duser.country=IN -Duser.language=en -Duser.variant -ea 
java_command: Main
java_class_path (initial): C:\dev\marioYoutube\mario\build\classes\java\main;C:\dev\marioYoutube\mario\build\resources\main;C:\Users\amaan\.gradle\caches\modules-2\files-2.1\org.lwjgl\lwjgl-assimp\3.2.3\f62aa07a20afbdd3097efc296c4841e0d29700eb\lwjgl-assimp-3.2.3.jar;C:\Users\amaan\.gradle\caches\modules-2\files-2.1\org.lwjgl\lwjgl-assimp\3.2.3\4e60aeb75f0343c4a9ede4ef8b6b32ca702a00a3\lwjgl-assimp-3.2.3-natives-windows.jar;C:\Users\amaan\.gradle\caches\modules-2\files-2.1\org.lwjgl\lwjgl-glfw\3.2.3\5e520d5c290c8b012545a8d34fa5db5ab051ea53\lwjgl-glfw-3.2.3.jar;C:\Users\amaan\.gradle\caches\modules-2\files-2.1\org.lwjgl\lwjgl-glfw\3.2.3\b4d8a3477cdc2edcf7a5f1e822926be846223f54\lwjgl-glfw-3.2.3-natives-windows.jar;C:\Users\amaan\.gradle\caches\modules-2\files-2.1\org.lwjgl\lwjgl-nfd\3.2.3\c44fee1043c022cf6614a28872d44cf114ca7737\lwjgl-nfd-3.2.3.jar;C:\Users\amaan\.gradle\caches\modules-2\files-2.1\org.lwjgl\lwjgl-nfd\3.2.3\32782f5f5c57769efb82af864e70b819c77bc891\lwjgl-nfd-3.2.3-natives-windows.jar;C:\Users\amaan\.gradle\caches\modules-2\files-2.1\org.lwjgl\lwjgl-openal\3.2.3\106742e805803ab9eab8e343f0fb31a3d263903c\lwjgl-openal-3.2.3.jar;C:\Users\amaan\.gradle\caches\modules-2\files-2.1\org.lwjgl\lwjgl-openal\3.2.3\ec898e8ce11b5886f4f532a1536283ef2817758d\lwjgl-openal-3.2.3-natives-windows.jar;C:\Users\amaan\.gradle\caches\modules-2\files-2.1\org.lwjgl\lwjgl-opengl\3.2.3\bdd534a323d0c8f54969b95e424b6ac8984f7d6e\lwjgl-opengl-3.2.3.jar;C:\Users\amaan\.gradle\caches\modules-2\files-2.1\org.lwjgl\lwjgl-opengl\3.2.3\e81cfc73ec8708e5e791ed770e4ec3edfc1bbab1\lwjgl-opengl-3.2.3-natives-windows.jar;C:\Users\amaan\.gradle\caches\modules-2\files-2.1\org.lwjgl\lwjgl-stb\3.2.3\40eccaa4fa86fc815f2e17946a392fb5fdcc286a\lwjgl-stb-3.2.3.jar;C:\Users\amaan\.gradle\caches\modules-2\files-2.1\org.lwjgl\lwjgl-stb\3.2.3\817b21ec286f0ba3dcedb56a3bd275e6a9345be9\lwjgl-stb-3.2.3-natives-windows.jar;C:\Users\amaan\.gradle\caches\modules-2\files-2.1\org.lwjgl\lwjgl\3.2.3\17a59ba0fe8d474ec9dbe0
Launcher Type: SUN_STANDARD

[Global flags]
     intx CICompilerCount                          = 4                                         {product} {ergonomic}
     uint ConcGCThreads                            = 3                                         {product} {ergonomic}
     uint G1ConcRefinementThreads                  = 10                                        {product} {ergonomic}
   size_t G1HeapRegionSize                         = 2097152                                   {product} {ergonomic}
    uintx GCDrainStackTargetSize                   = 64                                        {product} {ergonomic}
   size_t InitialHeapSize                          = 266338304                                 {product} {ergonomic}
   size_t MarkStackSize                            = 4194304                                   {product} {ergonomic}
   size_t MaxHeapSize                              = 4238344192                                {product} {ergonomic}
   size_t MaxNewSize                               = 2541748224                                {product} {ergonomic}
   size_t MinHeapDeltaBytes                        = 2097152                                   {product} {ergonomic}
   size_t MinHeapSize                              = 8388608                                   {product} {ergonomic}
    uintx NonNMethodCodeHeapSize                   = 5839372                                {pd product} {ergonomic}
    uintx NonProfiledCodeHeapSize                  = 122909434                              {pd product} {ergonomic}
    uintx ProfiledCodeHeapSize                     = 122909434                              {pd product} {ergonomic}
    uintx ReservedCodeCacheSize                    = 251658240                              {pd product} {ergonomic}
     bool SegmentedCodeCache                       = true                                      {product} {ergonomic}
   size_t SoftMaxHeapSize                          = 4238344192                             {manageable} {ergonomic}
     bool UseCompressedClassPointers               = true                           {product lp64_product} {ergonomic}
     bool UseCompressedOops                        = true                           {product lp64_product} {ergonomic}
     bool UseG1GC                                  = true                                      {product} {ergonomic}
     bool UseLargePagesIndividualAllocation        = false                                  {pd product} {ergonomic}

Logging:
Log output configuration:
 #0: stdout all=warning uptime,level,tags
 #1: stderr all=off uptime,level,tags

Environment Variables:
JAVA_HOME=C:\Program Files\Java\jdk-17.0.4.1
CLASSPATH=C:\dev\mysqlconnector\mysql-connector-j-8.1.0;
PATH=C:\Program Files\Java\jdk-17.0.4.1\bin;C:\Windows\system32;C:\Windows;C:\Windows\System32\Wbem;C:\Windows\System32\WindowsPowerShell\v1.0\;C:\Windows\System32\OpenSSH\;C:\Program Files (x86)\NVIDIA Corporation\PhysX\Common;C:\Program Files\NVIDIA Corporation\NVIDIA NvDLISR;C:\MinGW\bin;C:\Program Files\Git\cmd;C:\WINDOWS\system32;C:\WINDOWS;C:\WINDOWS\System32\Wbem;C:\WINDOWS\System32\WindowsPowerShell\v1.0\;C:\WINDOWS\System32\OpenSSH\;C:\Program Files\MySQL\MySQL Server 8.0\bin;C:\Program Files (x86)\Windows Kits\10\Windows Performance Toolkit\;C:\apache-maven-3.9.4\bin;C:\Users\amaan\AppData\Roaming\nvm;C:\Program Files\nodejs;C:\Program Files\CMake\bin;C:\ninja;C:\Gradle\gradle-8.4\bin;C:\Program Files\MySQL\MySQL Shell 8.0\bin\;C:\Users\amaan\AppData\Local\Programs\Python\Python310\Scripts\;C:\Users\amaan\AppData\Local\Programs\Python\Python310\;C:\Users\amaan\AppData\Local\Microsoft\WindowsApps;C:\Program Files\JetBrains\IntelliJ IDEA Community Edition 2022.2.3\bin;C:\Users\amaan\Downloads\apache-maven-3.9.4-bin\apache-maven-3.9.4\bin;C:\Users\amaan\AppData\Local\Pandoc\;C:\dev\dwnlds\mongosh-2.0.1-win32-x64\mongosh-2.0.1-win32-x64\bin;C:\Program Files\Neovim\bin;C:\Users\amaan\AppData\Local\Programs\Microsoft VS Code\bin
USERNAME=amaan
OS=Windows_NT
PROCESSOR_IDENTIFIER=Intel64 Family 6 Model 141 Stepping 1, GenuineIntel



---------------  S Y S T E M  ---------------

OS:
 Windows 11 , 64 bit Build 22621 (10.0.22621.2506)
OS uptime: 6 days 0:08 hours
Hyper-V role detected

CPU: total 12 (initial active 12) (6 cores per cpu, 2 threads per core) family 6 model 141 stepping 1 microcode 0x3c, cx8, cmov, fxsr, ht, mmx, 3dnowpref, sse, sse2, sse3, ssse3, sse4.1, sse4.2, popcnt, lzcnt, tsc, tscinvbit, avx, avx2, aes, erms, clmul, bmi1, bmi2, adx, avx512f, avx512dq, avx512cd, avx512bw, avx512vl, sha, fma, vzeroupper, avx512_vpopcntdq, avx512_vpclmulqdq, avx512_vaes, avx512_vnni, clflush, clflushopt, clwb, avx512_vbmi2, avx512_vbmi, hv

Memory: 4k page, system-wide physical 16163M (6141M free)
TotalPageFile size 21539M (AvailPageFile size 6471M)
current process WorkingSet (physical memory assigned to process): 199M, peak: 199M
current process commit charge ("private bytes"): 437M, peak: 437M

vm_info: Java HotSpot(TM) 64-Bit Server VM (17.0.4.1+1-LTS-2) for windows-amd64 JRE (17.0.4.1+1-LTS-2), built on Aug 16 2022 18:32:06 by "mach5one" with MS VC++ 16.8 / 16.9 (VS2019)

END.
